{"uuid":"a44103ba-9852-4120-8788-e95c37501cdc","historyId":"b47b75f2e42a8ac7f6ba2109fb183efb","fullName":"src/test/resources/Features/08..Queue.feature:16","labels":[{"name":"tag","value":"Q_3"},{"name":"host","value":"Vijays-Mac-mini.attlocal.net"},{"name":"thread","value":"2660@Vijays-Mac-mini.attlocal.net.main(1)"},{"name":"feature","value":"Testing Queue Module"},{"name":"story","value":"To validate implimentation using array"},{"name":"suite","value":"Testing Queue Module"},{"name":"testClass","value":"To validate implimentation using array"},{"name":"framework","value":"cucumber4jvm"},{"name":"language","value":"java"},{"name":"gherkin_uri","value":"file:///Users/vijayjagabathula/eclipse-workspace/DSALGO_Final-Project-main/src/test/resources/Features/08..Queue.feature"},{"name":"package","value":"src.test.resources.Features.08__Queue_feature.Testing Queue Module"}],"links":[],"name":"To validate implimentation using array","status":"broken","statusDetails":{"known":false,"muted":false,"flaky":false,"message":"Input must be set","trace":"java.lang.IllegalArgumentException: Input must be set\n\tat org.openqa.selenium.internal.Require.nonNull(Require.java:60)\n\tat org.openqa.selenium.support.ui.FluentWait.<init>(FluentWait.java:93)\n\tat org.openqa.selenium.support.ui.WebDriverWait.<init>(WebDriverWait.java:74)\n\tat org.openqa.selenium.support.ui.WebDriverWait.<init>(WebDriverWait.java:43)\n\tat pom.QueuePom.<init>(QueuePom.java:50)\n\tat stepDefinitions.QueueSteps.user_clisks_on_implimentation_using_array_and_then_try_herebutton(QueueSteps.java:123)\n\tat ✽.User clisks on implimentation using array and then TryHerebutton(file:///Users/vijayjagabathula/eclipse-workspace/DSALGO_Final-Project-main/src/test/resources/Features/08..Queue.feature:18)\n"},"stage":"finished","steps":[{"name":"Given  User is inside queue module","status":"passed","statusDetails":{"known":false,"muted":false,"flaky":false},"stage":"finished","steps":[],"attachments":[],"parameters":[],"start":1704737232207,"stop":1704737232208},{"name":"When  User clisks on implimentation using array and then TryHerebutton","status":"broken","statusDetails":{"known":false,"muted":false,"flaky":false,"message":"Input must be set","trace":"java.lang.IllegalArgumentException: Input must be set\n\tat org.openqa.selenium.internal.Require.nonNull(Require.java:60)\n\tat org.openqa.selenium.support.ui.FluentWait.<init>(FluentWait.java:93)\n\tat org.openqa.selenium.support.ui.WebDriverWait.<init>(WebDriverWait.java:74)\n\tat org.openqa.selenium.support.ui.WebDriverWait.<init>(WebDriverWait.java:43)\n\tat pom.QueuePom.<init>(QueuePom.java:50)\n\tat stepDefinitions.QueueSteps.user_clisks_on_implimentation_using_array_and_then_try_herebutton(QueueSteps.java:123)\n\tat ✽.User clisks on implimentation using array and then TryHerebutton(file:///Users/vijayjagabathula/eclipse-workspace/DSALGO_Final-Project-main/src/test/resources/Features/08..Queue.feature:18)\n"},"stage":"finished","steps":[],"attachments":[],"parameters":[],"start":1704737232208,"stop":1704737232209},{"name":"Then  User type in python code and then hit run button","status":"skipped","statusDetails":{"known":false,"muted":false,"flaky":false},"stage":"finished","steps":[],"attachments":[],"parameters":[],"start":1704737232210,"stop":1704737232210},{"name":"Then  User navigates to the back","status":"skipped","statusDetails":{"known":false,"muted":false,"flaky":false},"stage":"finished","steps":[],"attachments":[],"parameters":[],"start":1704737232210,"stop":1704737232211}],"attachments":[],"parameters":[],"start":1704737232206,"stop":1704737232211}